{
  "RSpec": {
    "coverage": {
      "/home/sislam/projetos-julia/upload_arquivos/app/helpers/application_helper.rb": {
        "lines": [
          1,
          null
        ]
      },
      "/home/sislam/projetos-julia/upload_arquivos/app/helpers/imports_helper.rb": {
        "lines": [
          1,
          null
        ]
      },
      "/home/sislam/projetos-julia/upload_arquivos/app/helpers/purchases_helper.rb": {
        "lines": [
          1,
          null
        ]
      },
      "/home/sislam/projetos-julia/upload_arquivos/app/controllers/imports_controller.rb": {
        "lines": [
          1,
          1,
          null,
          null,
          1,
          1,
          null,
          1,
          0,
          0,
          null,
          null,
          1,
          null,
          null,
          1,
          null,
          null
        ]
      },
      "/home/sislam/projetos-julia/upload_arquivos/app/controllers/application_controller.rb": {
        "lines": [
          1,
          1,
          1,
          null,
          1,
          null,
          1,
          8,
          null,
          6,
          6,
          null,
          null,
          null
        ]
      },
      "/home/sislam/projetos-julia/upload_arquivos/app/controllers/concerns/authentication.rb": {
        "lines": [
          1,
          1,
          null,
          1,
          1,
          1,
          null,
          null,
          1,
          1,
          2,
          null,
          null,
          null,
          1,
          1,
          0,
          null,
          null,
          1,
          6,
          null,
          null,
          1,
          6,
          null,
          null,
          1,
          6,
          null,
          null,
          1,
          0,
          0,
          null,
          null,
          1,
          0,
          null,
          null,
          1,
          3,
          3,
          3,
          null,
          null,
          null,
          1,
          0,
          0,
          null,
          null
        ]
      },
      "/home/sislam/projetos-julia/upload_arquivos/app/controllers/items_controller.rb": {
        "lines": [
          1,
          1,
          null,
          1,
          1,
          null,
          null,
          1,
          null,
          null,
          1,
          0,
          0,
          null,
          null,
          1,
          0,
          0,
          null,
          null,
          1,
          0,
          null,
          0,
          0,
          null,
          0,
          null,
          null,
          null,
          1,
          0,
          0,
          null,
          null,
          1,
          0,
          0,
          0,
          0,
          null,
          0,
          0,
          null,
          null,
          null,
          null,
          1,
          null,
          1,
          0,
          null,
          null,
          1,
          0,
          null,
          null
        ]
      },
      "/home/sislam/projetos-julia/upload_arquivos/app/controllers/purchasers_controller.rb": {
        "lines": [
          1,
          1,
          null,
          1,
          0,
          null,
          null,
          1,
          null,
          null,
          1,
          0,
          null,
          null,
          1,
          null,
          null,
          1,
          2,
          null,
          2,
          2,
          2,
          1,
          null,
          2,
          1,
          null,
          null,
          null,
          null,
          1,
          0,
          0,
          0,
          0,
          null,
          0,
          0,
          null,
          null,
          null,
          null,
          1,
          0,
          null,
          0,
          0,
          0,
          null,
          null,
          null,
          1,
          1,
          0,
          null,
          null,
          1,
          2,
          null,
          null
        ]
      },
      "/home/sislam/projetos-julia/upload_arquivos/app/controllers/purchases_controller.rb": {
        "lines": [
          1,
          1,
          null,
          1,
          0,
          0,
          null,
          0,
          null,
          0,
          0,
          null,
          null,
          0,
          null,
          null,
          0,
          null,
          null,
          0,
          0,
          null,
          null,
          1,
          1,
          null,
          null,
          1,
          0,
          0,
          null,
          0,
          0,
          null,
          0,
          null,
          null,
          null,
          1,
          0,
          0,
          0,
          null,
          null,
          1,
          0,
          null,
          null,
          1,
          1,
          null,
          null,
          1,
          0,
          0,
          0,
          null,
          0,
          null,
          null,
          null,
          1,
          null,
          1,
          0,
          null,
          null,
          1,
          2,
          2,
          null,
          null
        ]
      },
      "/home/sislam/projetos-julia/upload_arquivos/app/controllers/sessions_controller.rb": {
        "lines": [
          1,
          1,
          1,
          null,
          1,
          null,
          null,
          1,
          2,
          2,
          2,
          null,
          0,
          null,
          null,
          null,
          1,
          0,
          0,
          null,
          null
        ]
      },
      "/home/sislam/projetos-julia/upload_arquivos/app/controllers/users_controller.rb": {
        "lines": [
          1,
          1,
          null,
          null,
          1,
          0,
          null,
          null,
          1,
          0,
          null,
          null,
          1,
          4,
          4,
          2,
          2,
          null,
          2,
          null,
          null,
          null,
          1,
          0,
          null,
          null,
          1,
          1,
          4,
          null,
          null
        ]
      },
      "/home/sislam/projetos-julia/upload_arquivos/app/models/item.rb": {
        "lines": [
          1,
          1,
          1,
          null,
          1,
          1,
          1,
          null
        ]
      },
      "/home/sislam/projetos-julia/upload_arquivos/app/models/application_record.rb": {
        "lines": [
          1,
          1,
          null
        ]
      },
      "/home/sislam/projetos-julia/upload_arquivos/app/models/merchant.rb": {
        "lines": [
          1,
          1,
          1,
          1,
          null
        ]
      },
      "/home/sislam/projetos-julia/upload_arquivos/app/models/purchase.rb": {
        "lines": [
          1,
          1,
          1,
          1,
          null,
          1,
          null,
          1,
          0,
          0,
          0,
          null,
          0,
          null,
          null,
          null
        ]
      },
      "/home/sislam/projetos-julia/upload_arquivos/app/models/purchaser.rb": {
        "lines": [
          1,
          1,
          1,
          1,
          null
        ]
      },
      "/home/sislam/projetos-julia/upload_arquivos/app/models/user.rb": {
        "lines": [
          1,
          1,
          1,
          1,
          1,
          1,
          null,
          64,
          null,
          1,
          1,
          null
        ]
      },
      "/home/sislam/projetos-julia/upload_arquivos/app/services/tab_file_importer.rb": {
        "lines": [
          null,
          1,
          null,
          1,
          1,
          1,
          null,
          null,
          1,
          1,
          1,
          null,
          null,
          1,
          1,
          1,
          4,
          4,
          4,
          4,
          null,
          4,
          null,
          null,
          1,
          null,
          null
        ]
      },
      "/home/sislam/projetos-julia/upload_arquivos/app/models/session.rb": {
        "lines": [
          1,
          1,
          null
        ]
      },
      "/home/sislam/projetos-julia/upload_arquivos/app/models/current.rb": {
        "lines": [
          1,
          1,
          1,
          null
        ]
      },
      "/home/sislam/projetos-julia/upload_arquivos/app/channels/application_cable/connection.rb": {
        "lines": [
          0,
          0,
          0,
          null,
          0,
          0,
          0,
          null,
          0,
          0,
          0,
          0,
          0,
          0,
          0,
          0
        ],
        "branches": {}
      },
      "/home/sislam/projetos-julia/upload_arquivos/app/controllers/passwords_controller.rb": {
        "lines": [
          0,
          0,
          0,
          null,
          0,
          0,
          null,
          0,
          0,
          0,
          0,
          null,
          0,
          0,
          null,
          0,
          0,
          null,
          0,
          0,
          0,
          0,
          0,
          0,
          0,
          null,
          0,
          0,
          0,
          0,
          0,
          0,
          0
        ],
        "branches": {}
      },
      "/home/sislam/projetos-julia/upload_arquivos/app/controllers/records_controller.rb": {
        "lines": [
          0,
          0,
          0,
          0,
          0,
          0,
          null,
          0,
          0,
          0,
          0,
          0,
          0
        ],
        "branches": {}
      },
      "/home/sislam/projetos-julia/upload_arquivos/app/jobs/application_job.rb": {
        "lines": [
          0,
          null,
          null,
          null,
          null,
          null,
          0
        ],
        "branches": {}
      },
      "/home/sislam/projetos-julia/upload_arquivos/app/mailers/application_mailer.rb": {
        "lines": [
          0,
          0,
          0,
          0
        ],
        "branches": {}
      },
      "/home/sislam/projetos-julia/upload_arquivos/app/mailers/passwords_mailer.rb": {
        "lines": [
          0,
          0,
          0,
          0,
          0,
          0
        ],
        "branches": {}
      }
    },
    "timestamp": 1752693730
  }
}
